빌드 시작: 11/4/2020 8:01:37 PM
로깅의 세부 정보 표시가 Normal(으)로 설정되었습니다.     1>3 노드의 "D:\GitHub\VkPractice\EW_Engine_Vk\EW_Engine_Vk.vcxproj" 프로젝트(Build 대상)입니다.
     1>C:\Program Files (x86)\Microsoft Visual Studio\2019\Community\MSBuild\Microsoft\VC\v160\Microsoft.CppBuild.targets(491,5): warning MSB8028: 중간 디렉터리(Debug\)에 다른 프로젝트(LuaTest.vcxproj)에서 공유하는 파일이 포함되어 있습니다.  이로 인해 잘못된 정리 및 다시 빌드 동작이 수행될 수 있습니다.
     1>InitializeBuildStatus:
         "AlwaysCreate"이(가) 지정되었기 때문에 "Debug\EW_Engine_Vk.tlog\unsuccessfulbuild"을(를) 만들고 있습니다.
       ClCompile:
         모든 출력이 최신 상태입니다.
       Link:
         모든 출력이 최신 상태입니다.
         EW_Engine_Vk.vcxproj -> D:\GitHub\VkPractice\Debug\EW_Engine_Vk.exe
       FinalizeBuildStatus:
         "Debug\EW_Engine_Vk.tlog\unsuccessfulbuild" 파일을 삭제하고 있습니다.
         "Debug\EW_Engine_Vk.tlog\EW_Engine_Vk.lastbuildstate"에 연결(touching)하고 있습니다.
     1>"D:\GitHub\VkPractice\EW_Engine_Vk\EW_Engine_Vk.vcxproj" 프로젝트를 빌드했습니다(Build 대상).

프로젝트 성능 요약:
      161ms  D:\GitHub\VkPractice\EW_Engine_Vk\EW_Engine_Vk.vcxproj   1회 호출
                161ms  Build                                      1회 호출

대상 성능 요약:
        0ms  _BuildCompileAction                        1회 호출
        0ms  _Manifest                                  1회 호출
        0ms  _ALink                                     1회 호출
        0ms  _Link                                      1회 호출
        0ms  AfterLink                                  1회 호출
        0ms  PreLinkEvent                               1회 호출
        0ms  DoLinkOutputFilesMatch                     1회 호출
        0ms  PrepareResourceNames                       1회 호출
        0ms  CreateCustomManifestResourceNames          1회 호출
        0ms  SplitResourcesByCulture                    1회 호출
        0ms  ComputeManifestInputsTargets               1회 호출
        0ms  ResolvedXDCMake                            1회 호출
        0ms  ComputeLinkInputsFromProject               1회 호출
        0ms  ComputeCLOutputs                           1회 호출
        0ms  ComputeManifestGeneratedLinkerInputs       1회 호출
        0ms  ComputeRCGeneratedLinkInputs               1회 호출
        0ms  ComputeRCOutputs                           1회 호출
        0ms  BeforeLink                                 1회 호출
        0ms  ComputeLegacyManifestEmbedding             1회 호출
        0ms  BuildLinkTraverse                          1회 호출
        0ms  BuildCompile                               1회 호출
        0ms  AfterBuildCompileEvent                     1회 호출
        0ms  _ResourceCompile                           1회 호출
        0ms  ComputeCLGeneratedLinkInputs               1회 호출
        0ms  ComputeCLCompileGeneratedXDCFiles          1회 호출
        0ms  MakeDirsForXdcMake                         1회 호출
        0ms  _XdcMake                                   1회 호출
        0ms  IncrementalClean                           1회 호출
        0ms  AfterBuild                                 1회 호출
        0ms  BuildLink                                  1회 호출
        0ms  _BuildLinkAction                           1회 호출
        0ms  PostBuildEvent                             1회 호출
        0ms  PrepareForRun                              1회 호출
        0ms  CopyFilesToOutputDirectory                 1회 호출
        0ms  _CheckForCompileOutputs                    1회 호출
        0ms  _CopySourceItemsToOutputDirectory          1회 호출
        0ms  _GetCopyToOutputDirectoryItemsFromThisProject   1회 호출
        0ms  _GetCopyToOutputDirectoryItemsFromTransitiveProjectReferences   1회 호출
        0ms  GetCopyToOutputDirectoryXamlAppDefs        1회 호출
        0ms  _PopulateCommonStateForGetCopyToOutputDirectoryItems   1회 호출
        0ms  _Deploy                                    1회 호출
        0ms  _Appverifier                               1회 호출
        0ms  CreateSatelliteAssemblies                  1회 호출
        0ms  _GenerateSatelliteAssemblyInputs           1회 호출
        0ms  ContentFilesProjectOutputGroup             1회 호출
        0ms  MakeDirsForFxc                             1회 호출
        0ms  SatelliteDllsProjectOutputGroup            1회 호출
        0ms  _BscMake                                   1회 호출
        0ms  MakeDirsForBscMake                         1회 호출
        0ms  ComputeCLCompileGeneratedSbrFiles          1회 호출
        0ms  AfterResourceCompile                       1회 호출
        0ms  BeforeResourceCompile                      1회 호출
        0ms  Build                                      1회 호출
        0ms  AfterClCompile                             1회 호출
        0ms  ComputeCustomBuildOutput                   1회 호출
        0ms  SelectCustomBuild                          1회 호출
        0ms  _ClCompile                                 1회 호출
        0ms  PreBuildEvent                              1회 호출
        0ms  BeforeBuildGenerateSources                 1회 호출
        0ms  BuildGenerateSourcesTraverse               1회 호출
        0ms  ResolveReferences                          1회 호출
        0ms  AfterResolveReferences                     1회 호출
        0ms  ResolveAssemblyReferences                  1회 호출
        0ms  ExpandSDKReferences                        1회 호출
        0ms  ResolveSDKReferences                       1회 호출
        0ms  SetCABuildNativeEnvironmentVariables       1회 호출
        0ms  GetResolvedWinMD                           1회 호출
        0ms  SetBuildDefaultEnvironmentVariables        1회 호출
        0ms  GetReferenceAssemblyPaths                  1회 호출
        0ms  GetFrameworkPaths                          1회 호출
        0ms  ResolveProjectReferences                   1회 호출
        0ms  PrepareProjectReferences                   1회 호출
        0ms  _SplitProjectReferencesByFileExistence     1회 호출
        0ms  AssignProjectConfiguration                 1회 호출
        0ms  BeforeResolveReferences                    1회 호출
        0ms  _PrepareForReferenceResolution             1회 호출
        0ms  SetTelemetryEnvironmentVariables           1회 호출
        0ms  CopyFileToFolders                          1회 호출
        0ms  _Xsd                                       1회 호출
        0ms  _SelectedFiles                             1회 호출
        0ms  BeforeClCompile                            1회 호출
        0ms  MakeDirsForCl                              1회 호출
        0ms  WarnCompileDuplicatedFilename              1회 호출
        0ms  ComputeReferenceCLInput                    1회 호출
        0ms  FindReferenceAssembliesForReferences       1회 호출
        0ms  ComputeCLInputPDBName                      1회 호출
        0ms  BuildCompileTraverse                       1회 호출
        0ms  CheckInstalledVCLibsIPP                    1회 호출
        0ms  BuildGenerateSources                       1회 호출
        0ms  _BuildGenerateSourcesAction                1회 호출
        0ms  AfterBuildGenerateSourcesEvent             1회 호출
        0ms  SelectClCompile                            1회 호출
        0ms  AfterMidl                                  1회 호출
        0ms  MakeDirsForMidl                            1회 호출
        0ms  AfterBuildGenerateSources                  1회 호출
        0ms  ComputeMIDLGeneratedCompileInputs          1회 호출
        0ms  _Midl                                      1회 호출
        1ms  ResolvedLinkLib                            1회 호출
        1ms  AssignTargetPaths                          1회 호출
        1ms  BuiltProjectOutputGroup                    1회 호출
        1ms  _CheckWindowsSDKInstalled                  1회 호출
        1ms  GetCopyToOutputDirectoryItems              1회 호출
        1ms  _PrepareForBuild                           1회 호출
        1ms  MakeDirsForResourceCompile                 1회 호출
        1ms  _CleanGetCurrentAndPriorFileWrites         1회 호출
        1ms  CustomBuild                                1회 호출
        1ms  FixupCLCompileOptions                      1회 호출
        1ms  MakeDirsForLink                            1회 호출
        1ms  _GetProjectReferenceTargetFrameworkProperties   1회 호출
        1ms  CreateRecipeFile                           1회 호출
        2ms  _CheckForInvalidConfigurationAndPlatform   1회 호출
        3ms  ComputeLinkSwitches                        1회 호출
        3ms  InitializeBuildStatus                      1회 호출
        4ms  FinalizeBuildStatus                        1회 호출
       14ms  PrepareForBuild                            1회 호출
       28ms  Link                                       1회 호출
       82ms  ClCompile                                  1회 호출

빌드했습니다.

       "D:\GitHub\VkPractice\EW_Engine_Vk\EW_Engine_Vk.vcxproj"(Build 대상)(1) ->
       (PrepareForBuild 대상) -> 
         C:\Program Files (x86)\Microsoft Visual Studio\2019\Community\MSBuild\Microsoft\VC\v160\Microsoft.CppBuild.targets(491,5): warning MSB8028: 중간 디렉터리(Debug\)에 다른 프로젝트(LuaTest.vcxproj)에서 공유하는 파일이 포함되어 있습니다.  이로 인해 잘못된 정리 및 다시 빌드 동작이 수행될 수 있습니다.

    경고 1개
    오류 0개

경과 시간: 00:00:00.16
