빌드 시작: 11/4/2020 8:01:29 PM
로깅의 세부 정보 표시가 Normal(으)로 설정되었습니다.     1>5 노드의 "D:\GitHub\VkPractice\GV\GV.vcxproj" 프로젝트(Build 대상)입니다.
     1>InitializeBuildStatus:
         "x64\Debug\GV.tlog\unsuccessfulbuild"에 연결(touching)하고 있습니다.
       ClCompile:
         C:\Program Files (x86)\Microsoft Visual Studio\2019\Community\VC\Tools\MSVC\14.27.29110\bin\HostX86\x64\CL.exe /c /I"C:\VulkanSDK\1.2.131.2\Third-Party\stb-master" /IC:\VulkanSDK\1.2.131.2\Include /IC:\glm /I"C:\glfw-3.3.2.bin.WIN32\include" /ZI /JMC /nologo /W3 /WX- /diagnostics:column /sdl /Od /D GRAPHIC_EXPORTS /Gm- /EHsc /RTC1 /MDd /GS /fp:precise /permissive- /Zc:wchar_t /Zc:forScope /Zc:inline /std:c++latest /Fo"x64\Debug\\" /Fd"x64\Debug\vc142.pdb" /Gd /TP /FC /errorReport:prompt Graphic.cpp
         Graphic.cpp
     1>D:\GitHub\VkPractice\GV\Graphic.h(85,50): warning C4251: 'Graphic_Vulkan::validationLayers': class 'std::vector<const char *,std::allocator<const char *>>'에서는 class 'Graphic_Vulkan'의 클라이언트에서 DLL 인터페이스를 사용하도록 지정해야 합니다.
       D:\GitHub\VkPractice\GV\Graphic.h(71): message : 'std::vector<const char *,std::allocator<const char *>>' 선언을 참조하십시오.
     1>D:\GitHub\VkPractice\GV\Graphic.h(143,50): warning C4251: 'Graphic_Vulkan::deviceExtensions': class 'std::vector<const char *,std::allocator<const char *>>'에서는 class 'Graphic_Vulkan'의 클라이언트에서 DLL 인터페이스를 사용하도록 지정해야 합니다.
       D:\GitHub\VkPractice\GV\Graphic.h(71): message : 'std::vector<const char *,std::allocator<const char *>>' 선언을 참조하십시오.
     1>D:\GitHub\VkPractice\GV\Graphic.h(168,40): warning C4251: 'Graphic_Vulkan::m_SwapChainImages': class 'std::vector<VkImage,std::allocator<VkImage>>'에서는 class 'Graphic_Vulkan'의 클라이언트에서 DLL 인터페이스를 사용하도록 지정해야 합니다.
       D:\GitHub\VkPractice\GV\Graphic.h(168): message : 'std::vector<VkImage,std::allocator<VkImage>>' 선언을 참조하십시오.
     1>D:\GitHub\VkPractice\GV\Graphic.h(180,48): warning C4251: 'Graphic_Vulkan::m_SwapChainImageViews': class 'std::vector<VkImageView,std::allocator<VkImageView>>'에서는 class 'Graphic_Vulkan'의 클라이언트에서 DLL 인터페이스를 사용하도록 지정해야 합니다.
       D:\GitHub\VkPractice\GV\Graphic.h(180): message : 'std::vector<VkImageView,std::allocator<VkImageView>>' 선언을 참조하십시오.
     1>D:\GitHub\VkPractice\GV\Graphic.h(216,52): warning C4251: 'Graphic_Vulkan::m_SwapChainFramebuffers': class 'std::vector<VkFramebuffer,std::allocator<VkFramebuffer>>'에서는 class 'Graphic_Vulkan'의 클라이언트에서 DLL 인터페이스를 사용하도록 지정해야 합니다.
       D:\GitHub\VkPractice\GV\Graphic.h(216): message : 'std::vector<VkFramebuffer,std::allocator<VkFramebuffer>>' 선언을 참조하십시오.
     1>D:\GitHub\VkPractice\GV\Graphic.h(227,47): warning C4251: 'Graphic_Vulkan::m_CommandBuffers': class 'std::vector<VkCommandBuffer,std::allocator<VkCommandBuffer>>'에서는 class 'Graphic_Vulkan'의 클라이언트에서 DLL 인터페이스를 사용하도록 지정해야 합니다.
       D:\GitHub\VkPractice\GV\Graphic.h(227): message : 'std::vector<VkCommandBuffer,std::allocator<VkCommandBuffer>>' 선언을 참조하십시오.
     1>D:\GitHub\VkPractice\GV\Graphic.h(238,53): warning C4251: 'Graphic_Vulkan::m_ImageAvailableSemaphores': class 'std::vector<VkSemaphore,std::allocator<VkSemaphore>>'에서는 class 'Graphic_Vulkan'의 클라이언트에서 DLL 인터페이스를 사용하도록 지정해야 합니다.
       D:\GitHub\VkPractice\GV\Graphic.h(238): message : 'std::vector<VkSemaphore,std::allocator<VkSemaphore>>' 선언을 참조하십시오.
     1>D:\GitHub\VkPractice\GV\Graphic.h(239,53): warning C4251: 'Graphic_Vulkan::m_RenderFinishedSemaphores': class 'std::vector<VkSemaphore,std::allocator<VkSemaphore>>'에서는 class 'Graphic_Vulkan'의 클라이언트에서 DLL 인터페이스를 사용하도록 지정해야 합니다.
       D:\GitHub\VkPractice\GV\Graphic.h(238): message : 'std::vector<VkSemaphore,std::allocator<VkSemaphore>>' 선언을 참조하십시오.
     1>D:\GitHub\VkPractice\GV\Graphic.h(240,39): warning C4251: 'Graphic_Vulkan::m_InfFlightFence': class 'std::vector<VkFence,std::allocator<VkFence>>'에서는 class 'Graphic_Vulkan'의 클라이언트에서 DLL 인터페이스를 사용하도록 지정해야 합니다.
       D:\GitHub\VkPractice\GV\Graphic.h(240): message : 'std::vector<VkFence,std::allocator<VkFence>>' 선언을 참조하십시오.
     1>D:\GitHub\VkPractice\GV\Graphic.h(241,39): warning C4251: 'Graphic_Vulkan::m_ImagesInFlight': class 'std::vector<VkFence,std::allocator<VkFence>>'에서는 class 'Graphic_Vulkan'의 클라이언트에서 DLL 인터페이스를 사용하도록 지정해야 합니다.
       D:\GitHub\VkPractice\GV\Graphic.h(240): message : 'std::vector<VkFence,std::allocator<VkFence>>' 선언을 참조하십시오.
     1>D:\GitHub\VkPractice\GV\Graphic.h(304,40): warning C4251: 'Graphic_Vulkan::m_UniformBuffers': class 'std::vector<VkBuffer,std::allocator<VkBuffer>>'에서는 class 'Graphic_Vulkan'의 클라이언트에서 DLL 인터페이스를 사용하도록 지정해야 합니다.
       D:\GitHub\VkPractice\GV\Graphic.h(304): message : 'std::vector<VkBuffer,std::allocator<VkBuffer>>' 선언을 참조하십시오.
     1>D:\GitHub\VkPractice\GV\Graphic.h(305,52): warning C4251: 'Graphic_Vulkan::m_UniformBuffersMemory': class 'std::vector<VkDeviceMemory,std::allocator<VkDeviceMemory>>'에서는 class 'Graphic_Vulkan'의 클라이언트에서 DLL 인터페이스를 사용하도록 지정해야 합니다.
       D:\GitHub\VkPractice\GV\Graphic.h(305): message : 'std::vector<VkDeviceMemory,std::allocator<VkDeviceMemory>>' 선언을 참조하십시오.
     1>D:\GitHub\VkPractice\GV\Graphic.h(309,47): warning C4251: 'Graphic_Vulkan::m_DescriptorSets': class 'std::vector<VkDescriptorSet,std::allocator<VkDescriptorSet>>'에서는 class 'Graphic_Vulkan'의 클라이언트에서 DLL 인터페이스를 사용하도록 지정해야 합니다.
       D:\GitHub\VkPractice\GV\Graphic.h(309): message : 'std::vector<VkDescriptorSet,std::allocator<VkDescriptorSet>>' 선언을 참조하십시오.
     1>D:\GitHub\VkPractice\GV\Graphic.cpp(166,52): error C2440: '초기화 중': 'VkFramebuffer_T *'에서 'VkImage'(으)로 변환할 수 없습니다.
       D:\GitHub\VkPractice\GV\Graphic.cpp(166,52): message : 가리킨 형식이 관련이 없습니다. 변환하려면 reinterpret_cast, C 스타일 캐스트 또는 함수 스타일 캐스트가 필요합니다.
     1>D:\GitHub\VkPractice\GV\Graphic.cpp(167,54): error C2664: 'void vkDestroyFramebuffer(VkDevice,VkFramebuffer,const VkAllocationCallbacks *)': 인수 2을(를) 'VkImage'에서 'VkFramebuffer'(으)로 변환할 수 없습니다.
       D:\GitHub\VkPractice\GV\Graphic.cpp(167,34): message : 가리킨 형식이 관련이 없습니다. 변환하려면 reinterpret_cast, C 스타일 캐스트 또는 함수 스타일 캐스트가 필요합니다.
       C:\VulkanSDK\1.2.131.2\Include\vulkan\vulkan_core.h(3669,28): message : 'vkDestroyFramebuffer' 선언을 참조하십시오.
     1>D:\GitHub\VkPractice\GV\Graphic.cpp(187,48): error C2440: '초기화 중': 'VkImageView_T *'에서 'VkImage'(으)로 변환할 수 없습니다.
       D:\GitHub\VkPractice\GV\Graphic.cpp(187,48): message : 가리킨 형식이 관련이 없습니다. 변환하려면 reinterpret_cast, C 스타일 캐스트 또는 함수 스타일 캐스트가 필요합니다.
     1>D:\GitHub\VkPractice\GV\Graphic.cpp(188,50): error C2664: 'void vkDestroyImageView(VkDevice,VkImageView,const VkAllocationCallbacks *)': 인수 2을(를) 'VkImage'에서 'VkImageView'(으)로 변환할 수 없습니다.
       D:\GitHub\VkPractice\GV\Graphic.cpp(188,32): message : 가리킨 형식이 관련이 없습니다. 변환하려면 reinterpret_cast, C 스타일 캐스트 또는 함수 스타일 캐스트가 필요합니다.
       C:\VulkanSDK\1.2.131.2\Include\vulkan\vulkan_core.h(3536,28): message : 'vkDestroyImageView' 선언을 참조하십시오.
     1>"D:\GitHub\VkPractice\GV\GV.vcxproj" 프로젝트를 빌드했습니다(Build 대상). - 실패

프로젝트 성능 요약:
     1774ms  D:\GitHub\VkPractice\GV\GV.vcxproj         1회 호출
               1774ms  Build                                      1회 호출

대상 성능 요약:
        0ms  PreBuildEvent                              1회 호출
        0ms  _SelectedFiles                             1회 호출
        0ms  SelectCustomBuild                          1회 호출
        0ms  ComputeCustomBuildOutput                   1회 호출
        0ms  _Xsd                                       1회 호출
        0ms  MakeDirsForMidl                            1회 호출
        0ms  ComputeMIDLGeneratedCompileInputs          1회 호출
        0ms  AfterMidl                                  1회 호출
        0ms  _Midl                                      1회 호출
        0ms  AfterBuildGenerateSources                  1회 호출
        0ms  AfterBuildGenerateSourcesEvent             1회 호출
        0ms  _BuildGenerateSourcesAction                1회 호출
        0ms  BuildGenerateSources                       1회 호출
        0ms  BuildCompileTraverse                       1회 호출
        0ms  BeforeClCompile                            1회 호출
        0ms  FindReferenceAssembliesForReferences       1회 호출
        0ms  ComputeReferenceCLInput                    1회 호출
        0ms  FixupCLCompileOptions                      1회 호출
        0ms  ResolveReferences                          1회 호출
        0ms  AfterResolveReferences                     1회 호출
        0ms  BeforeBuildGenerateSources                 1회 호출
        0ms  ExpandSDKReferences                        1회 호출
        0ms  _PrepareForReferenceResolution             1회 호출
        0ms  BeforeResolveReferences                    1회 호출
        0ms  _SplitProjectReferencesByFileExistence     1회 호출
        0ms  PrepareProjectReferences                   1회 호출
        0ms  ResolveAssemblyReferences                  1회 호출
        0ms  SetBuildDefaultEnvironmentVariables        1회 호출
        0ms  _CheckWindowsSDKInstalled                  1회 호출
        0ms  GetReferenceAssemblyPaths                  1회 호출
        0ms  SelectClCompile                            1회 호출
        0ms  ResolveSDKReferences                       1회 호출
        1ms  _GetProjectReferenceTargetFrameworkProperties   1회 호출
        1ms  CopyFileToFolders                          1회 호출
        1ms  GetFrameworkPaths                          1회 호출
        1ms  BuildGenerateSourcesTraverse               1회 호출
        1ms  _PrepareForBuild                           1회 호출
        1ms  CheckInstalledVCLibsIPP                    1회 호출
        1ms  ComputeCLInputPDBName                      1회 호출
        1ms  GetResolvedWinMD                           1회 호출
        2ms  AssignProjectConfiguration                 1회 호출
        3ms  WarnCompileDuplicatedFilename              1회 호출
        4ms  MakeDirsForCl                              1회 호출
        5ms  CustomBuild                                1회 호출
        7ms  SetTelemetryEnvironmentVariables           1회 호출
       11ms  InitializeBuildStatus                      1회 호출
       12ms  PrepareForBuild                            1회 호출
       15ms  SetCABuildNativeEnvironmentVariables       1회 호출
       16ms  ResolveProjectReferences                   1회 호출
       17ms  _CheckForInvalidConfigurationAndPlatform   1회 호출
     1672ms  ClCompile                                  1회 호출

빌드하지 못했습니다.

       "D:\GitHub\VkPractice\GV\GV.vcxproj"(Build 대상)(1) ->
       (ClCompile 대상) -> 
         D:\GitHub\VkPractice\GV\Graphic.h(85,50): warning C4251: 'Graphic_Vulkan::validationLayers': class 'std::vector<const char *,std::allocator<const char *>>'에서는 class 'Graphic_Vulkan'의 클라이언트에서 DLL 인터페이스를 사용하도록 지정해야 합니다.
         D:\GitHub\VkPractice\GV\Graphic.h(143,50): warning C4251: 'Graphic_Vulkan::deviceExtensions': class 'std::vector<const char *,std::allocator<const char *>>'에서는 class 'Graphic_Vulkan'의 클라이언트에서 DLL 인터페이스를 사용하도록 지정해야 합니다.
         D:\GitHub\VkPractice\GV\Graphic.h(168,40): warning C4251: 'Graphic_Vulkan::m_SwapChainImages': class 'std::vector<VkImage,std::allocator<VkImage>>'에서는 class 'Graphic_Vulkan'의 클라이언트에서 DLL 인터페이스를 사용하도록 지정해야 합니다.
         D:\GitHub\VkPractice\GV\Graphic.h(180,48): warning C4251: 'Graphic_Vulkan::m_SwapChainImageViews': class 'std::vector<VkImageView,std::allocator<VkImageView>>'에서는 class 'Graphic_Vulkan'의 클라이언트에서 DLL 인터페이스를 사용하도록 지정해야 합니다.
         D:\GitHub\VkPractice\GV\Graphic.h(216,52): warning C4251: 'Graphic_Vulkan::m_SwapChainFramebuffers': class 'std::vector<VkFramebuffer,std::allocator<VkFramebuffer>>'에서는 class 'Graphic_Vulkan'의 클라이언트에서 DLL 인터페이스를 사용하도록 지정해야 합니다.
         D:\GitHub\VkPractice\GV\Graphic.h(227,47): warning C4251: 'Graphic_Vulkan::m_CommandBuffers': class 'std::vector<VkCommandBuffer,std::allocator<VkCommandBuffer>>'에서는 class 'Graphic_Vulkan'의 클라이언트에서 DLL 인터페이스를 사용하도록 지정해야 합니다.
         D:\GitHub\VkPractice\GV\Graphic.h(238,53): warning C4251: 'Graphic_Vulkan::m_ImageAvailableSemaphores': class 'std::vector<VkSemaphore,std::allocator<VkSemaphore>>'에서는 class 'Graphic_Vulkan'의 클라이언트에서 DLL 인터페이스를 사용하도록 지정해야 합니다.
         D:\GitHub\VkPractice\GV\Graphic.h(239,53): warning C4251: 'Graphic_Vulkan::m_RenderFinishedSemaphores': class 'std::vector<VkSemaphore,std::allocator<VkSemaphore>>'에서는 class 'Graphic_Vulkan'의 클라이언트에서 DLL 인터페이스를 사용하도록 지정해야 합니다.
         D:\GitHub\VkPractice\GV\Graphic.h(240,39): warning C4251: 'Graphic_Vulkan::m_InfFlightFence': class 'std::vector<VkFence,std::allocator<VkFence>>'에서는 class 'Graphic_Vulkan'의 클라이언트에서 DLL 인터페이스를 사용하도록 지정해야 합니다.
         D:\GitHub\VkPractice\GV\Graphic.h(241,39): warning C4251: 'Graphic_Vulkan::m_ImagesInFlight': class 'std::vector<VkFence,std::allocator<VkFence>>'에서는 class 'Graphic_Vulkan'의 클라이언트에서 DLL 인터페이스를 사용하도록 지정해야 합니다.
         D:\GitHub\VkPractice\GV\Graphic.h(304,40): warning C4251: 'Graphic_Vulkan::m_UniformBuffers': class 'std::vector<VkBuffer,std::allocator<VkBuffer>>'에서는 class 'Graphic_Vulkan'의 클라이언트에서 DLL 인터페이스를 사용하도록 지정해야 합니다.
         D:\GitHub\VkPractice\GV\Graphic.h(305,52): warning C4251: 'Graphic_Vulkan::m_UniformBuffersMemory': class 'std::vector<VkDeviceMemory,std::allocator<VkDeviceMemory>>'에서는 class 'Graphic_Vulkan'의 클라이언트에서 DLL 인터페이스를 사용하도록 지정해야 합니다.
         D:\GitHub\VkPractice\GV\Graphic.h(309,47): warning C4251: 'Graphic_Vulkan::m_DescriptorSets': class 'std::vector<VkDescriptorSet,std::allocator<VkDescriptorSet>>'에서는 class 'Graphic_Vulkan'의 클라이언트에서 DLL 인터페이스를 사용하도록 지정해야 합니다.


       "D:\GitHub\VkPractice\GV\GV.vcxproj"(Build 대상)(1) ->
       (ClCompile 대상) -> 
         D:\GitHub\VkPractice\GV\Graphic.cpp(166,52): error C2440: '초기화 중': 'VkFramebuffer_T *'에서 'VkImage'(으)로 변환할 수 없습니다.
         D:\GitHub\VkPractice\GV\Graphic.cpp(167,54): error C2664: 'void vkDestroyFramebuffer(VkDevice,VkFramebuffer,const VkAllocationCallbacks *)': 인수 2을(를) 'VkImage'에서 'VkFramebuffer'(으)로 변환할 수 없습니다.
         D:\GitHub\VkPractice\GV\Graphic.cpp(187,48): error C2440: '초기화 중': 'VkImageView_T *'에서 'VkImage'(으)로 변환할 수 없습니다.
         D:\GitHub\VkPractice\GV\Graphic.cpp(188,50): error C2664: 'void vkDestroyImageView(VkDevice,VkImageView,const VkAllocationCallbacks *)': 인수 2을(를) 'VkImage'에서 'VkImageView'(으)로 변환할 수 없습니다.

    경고 13개
    오류 4개

경과 시간: 00:00:01.77
